* using log directory ‘/Users/workuhm/Desktop/PhD Folders_bkp_20170310/Thesis_20170310/mldm_package_paper_20170419/package_dev_area/Draft_201704/mldm.Rcheck’
* using R version 3.2.0 (2015-04-16)
* using platform: x86_64-apple-darwin13.4.0 (64-bit)
* using session charset: UTF-8
* using option ‘--as-cran’
* checking for file ‘mldm/DESCRIPTION’ ... OK
* checking extension type ... Package
* this is package ‘mldm’ version ‘1.0’
* checking CRAN incoming feasibility ... NOTE
Maintainer: ‘Hailemichael M Worku <hmetiku@yahoo.com>’
New submission

The Date field is over a month old.
* checking package namespace information ... OK
* checking package dependencies ... NOTE
  No repository set, so cyclic dependency check skipped
* checking if this is a source package ... OK
* checking if there is a namespace ... OK
* checking for executable files ... OK
* checking for hidden files and directories ... OK
* checking for portable file names ... OK
* checking for sufficient/correct file permissions ... OK
* checking whether package ‘mldm’ can be installed ... OK
* checking installed package size ... OK
* checking package directory ... OK
* checking DESCRIPTION meta-information ... OK
* checking top-level files ... OK
* checking for left-over files ... OK
* checking index information ... OK
* checking package subdirectories ... OK
* checking R files for non-ASCII characters ... OK
* checking R files for syntax errors ... OK
* checking whether the package can be loaded ... OK
* checking whether the package can be loaded with stated dependencies ... OK
* checking whether the package can be unloaded cleanly ... OK
* checking whether the namespace can be loaded with stated dependencies ... OK
* checking whether the namespace can be unloaded cleanly ... OK
* checking use of S3 registration ... OK
* checking dependencies in R code ... NOTE
'library' or 'require' call to ‘MASS’ which was already attached by Depends.
  Please remove these calls from your code.
* checking S3 generic/method consistency ... WARNING
print:
  function(x, ...)
print.mldm:
  function(object, ...)

print:
  function(x, ...)
print.mldm:
  function(object, ...)

biplot:
  function(x, ...)
biplot.mldm:
  function(object, myX, myY, resp.var.labels, ...)

biplot:
  function(x, ...)
biplot.mldm:
  function(object, myX, myY, resp.var.labels, ...)

See section ‘Generic functions and methods’ in the ‘Writing R
Extensions’ manual.
* checking replacement functions ... OK
* checking foreign function calls ... OK
* checking R code for possible problems ... NOTE
mldm.fit: warning in match.call(expand = FALSE): partial argument match
  of 'expand' to 'expand.dots'
* checking Rd files ... WARNING
prepare_Rd: NESDA.Rd:7-9: Dropping empty section \description
prepare_Rd: NESDA.Rd:27-29: Dropping empty section \details
prepare_Rd: NESDA.Rd:30-32: Dropping empty section \source
prepare_Rd: NESDA.Rd:33-35: Dropping empty section \references
checkRd: (5) NESDA.Rd:0-41: Must have a \description
checkRd: (5) mldm.fit.Rd:0-147: Must have a \description
prepare_Rd: print.mldm.Rd:7-9: Dropping empty section \description
prepare_Rd: print.mldm.Rd:22-24: Dropping empty section \details
prepare_Rd: print.mldm.Rd:25-31: Dropping empty section \value
prepare_Rd: print.mldm.Rd:38-40: Dropping empty section \note
prepare_Rd: print.mldm.Rd:35-37: Dropping empty section \author
prepare_Rd: print.mldm.Rd:32-34: Dropping empty section \references
prepare_Rd: print.mldm.Rd:44-46: Dropping empty section \seealso
prepare_Rd: print.mldm.Rd:47-49: Dropping empty section \examples
checkRd: (5) print.mldm.Rd:0-54: Must have a \description
prepare_Rd: summary.mldm.Rd:7-9: Dropping empty section \description
prepare_Rd: summary.mldm.Rd:28-30: Dropping empty section \details
prepare_Rd: summary.mldm.Rd:31-37: Dropping empty section \value
prepare_Rd: summary.mldm.Rd:44-46: Dropping empty section \note
prepare_Rd: summary.mldm.Rd:41-43: Dropping empty section \author
prepare_Rd: summary.mldm.Rd:38-40: Dropping empty section \references
prepare_Rd: summary.mldm.Rd:50-52: Dropping empty section \seealso
prepare_Rd: summary.mldm.Rd:53-55: Dropping empty section \examples
checkRd: (5) summary.mldm.Rd:0-60: Must have a \description
* checking Rd metadata ... OK
* checking Rd line widths ... OK
* checking Rd cross-references ... OK
* checking for missing documentation entries ... OK
* checking for code/documentation mismatches ... WARNING
Functions or methods with usage in documentation object 'biplot.mldm' but not in code:
  biplot

* checking Rd \usage sections ... WARNING
Objects in \usage without \alias in documentation object 'biplot.mldm':
  ‘biplot’

Functions with \usage entries need to have the appropriate \alias
entries, and all their arguments documented.
The \usage entries must correspond to syntactically valid R code.
See chapter ‘Writing R documentation files’ in the ‘Writing R
Extensions’ manual.
S3 methods shown with full name in documentation object 'print.mldm':
  ‘print.mldm’

S3 methods shown with full name in documentation object 'summary.mldm':
  ‘summary.mldm’

The \usage entries for S3 methods should use the \method markup and not
their full name.
See chapter ‘Writing R documentation files’ in the ‘Writing R
Extensions’ manual.
* checking Rd contents ... OK
* checking for unstated dependencies in examples ... OK
* checking contents of ‘data’ directory ... OK
* checking data for non-ASCII characters ... OK
* checking data for ASCII and uncompressed saves ... OK
* checking examples ... OK
* checking PDF version of manual ... OK
* DONE
Status: 4 WARNINGs, 4 NOTEs
